<?xml version="1.0" encoding="UTF-8"?>
<!-- Generated by org.testng.reporters.JUnitXMLReporter -->
<testsuite ignored="0" hostname="Sudhanshus-MacBook-Air.local" failures="0" tests="4" name="Default test" time="10.445" errors="0" timestamp="2024-10-24T18:26:43 IST">
  <testcase classname="api.test.UserTest" name="testPostUser" time="2.773"/>
  <testcase classname="api.test.UserTest" name="testGetUserById" time="1.996"/>
  <testcase classname="api.test.UserTest" name="testUpdateUserByName" time="3.579"/>
  <testcase classname="api.test.UserTest" name="testDeleteUserByName" time="1.554"/>
</testsuite> <!-- Default test -->
