<?xml version="1.0" encoding="UTF-8"?>
<testng-results ignored="0" total="4" passed="4" failed="0" skipped="0">
  <reporter-output>
  </reporter-output>
  <suite started-at="2024-10-25T11:38:01 IST" name="RestAssured" finished-at="2024-10-25T11:38:11 IST" duration-ms="10448">
    <groups>
    </groups>
    <test started-at="2024-10-25T11:38:01 IST" name="Test" finished-at="2024-10-25T11:38:11 IST" duration-ms="10448">
      <class name="api.test.UserTest">
        <test-method is-config="true" signature="setup()[pri:0, instance:api.test.UserTest@7c9d8e2]" started-at="2024-10-25T11:38:01 IST" name="setup" finished-at="2024-10-25T11:38:01 IST" duration-ms="305" status="PASS">
          <reporter-output>
          </reporter-output>
        </test-method> <!-- setup -->
        <test-method signature="testPostUser()[pri:1, instance:api.test.UserTest@7c9d8e2]" started-at="2024-10-25T11:38:01 IST" name="testPostUser" finished-at="2024-10-25T11:38:04 IST" duration-ms="2724" status="PASS">
          <reporter-output>
          </reporter-output>
        </test-method> <!-- testPostUser -->
        <test-method signature="testGetUserById()[pri:2, instance:api.test.UserTest@7c9d8e2]" started-at="2024-10-25T11:38:04 IST" name="testGetUserById" finished-at="2024-10-25T11:38:05 IST" duration-ms="1794" status="PASS">
          <reporter-output>
          </reporter-output>
        </test-method> <!-- testGetUserById -->
        <test-method signature="testUpdateUserByName()[pri:3, instance:api.test.UserTest@7c9d8e2]" started-at="2024-10-25T11:38:05 IST" name="testUpdateUserByName" finished-at="2024-10-25T11:38:09 IST" duration-ms="3278" status="PASS">
          <reporter-output>
          </reporter-output>
        </test-method> <!-- testUpdateUserByName -->
        <test-method signature="testDeleteUserByName()[pri:4, instance:api.test.UserTest@7c9d8e2]" started-at="2024-10-25T11:38:09 IST" name="testDeleteUserByName" finished-at="2024-10-25T11:38:11 IST" duration-ms="1865" status="PASS">
          <reporter-output>
          </reporter-output>
        </test-method> <!-- testDeleteUserByName -->
        <test-method is-config="true" signature="endTest()[pri:0, instance:api.test.UserTest@7c9d8e2]" started-at="2024-10-25T11:38:11 IST" name="endTest" finished-at="2024-10-25T11:38:11 IST" duration-ms="457" status="PASS">
          <reporter-output>
          </reporter-output>
        </test-method> <!-- endTest -->
      </class> <!-- api.test.UserTest -->
    </test> <!-- Test -->
  </suite> <!-- RestAssured -->
</testng-results>
