<?xml version="1.0" encoding="UTF-8"?>
<!-- Generated by org.testng.reporters.JUnitXMLReporter -->
<testsuite ignored="0" hostname="Sudhanshus-MacBook-Air.local" failures="0" tests="4" name="Test" time="10.448" errors="0" timestamp="2024-10-25T11:38:11 IST">
  <testcase classname="api.test.UserTest" name="testPostUser" time="2.724"/>
  <testcase classname="api.test.UserTest" name="testGetUserById" time="1.794"/>
  <testcase classname="api.test.UserTest" name="testUpdateUserByName" time="3.278"/>
  <testcase classname="api.test.UserTest" name="testDeleteUserByName" time="1.865"/>
</testsuite> <!-- Test -->
